2019-12-29 12:42:20.291 default INFO  main  org.springframework.context.support.PostProcessorRegistrationDelegate$BeanPostProcessorChecker[postProcessAfterInitialization:330] - Bean 'org.springframework.cloud.autoconfigure.ConfigurationPropertiesRebinderAutoConfiguration' of type [org.springframework.cloud.autoconfigure.ConfigurationPropertiesRebinderAutoConfiguration$$EnhancerBySpringCGLIB$$95f34d7c] is not eligible for getting processed by all BeanPostProcessors (for example: not eligible for auto-proxying)
2019-12-29 12:42:25.407 default INFO  main  com.lwl.willowmall.registration.center.EurekaRegistrationCenterApplication[logStartupProfileInfo:675] - No active profile set, falling back to default profiles: default
2019-12-29 12:42:26.318 default WARN  main  org.springframework.boot.actuate.endpoint.EndpointId[logWarning:135] - Endpoint ID 'service-registry' contains invalid characters, please migrate to a valid format.
2019-12-29 12:42:26.591 default INFO  main  org.springframework.cloud.context.scope.GenericScope[setSerializationId:295] - BeanFactory id=03e8e2d7-a75f-3d28-acc4-23d315aec669
2019-12-29 12:42:26.688 default INFO  main  org.springframework.context.support.PostProcessorRegistrationDelegate$BeanPostProcessorChecker[postProcessAfterInitialization:330] - Bean 'org.springframework.cloud.autoconfigure.ConfigurationPropertiesRebinderAutoConfiguration' of type [org.springframework.cloud.autoconfigure.ConfigurationPropertiesRebinderAutoConfiguration$$EnhancerBySpringCGLIB$$95f34d7c] is not eligible for getting processed by all BeanPostProcessors (for example: not eligible for auto-proxying)
2019-12-29 12:42:26.997 default INFO  main  org.springframework.boot.web.embedded.tomcat.TomcatWebServer[initialize:90] - Tomcat initialized with port(s): 9100 (http)
2019-12-29 12:42:27.020 default INFO  main  org.apache.catalina.core.StandardService[log:173] - Starting service [Tomcat]
2019-12-29 12:42:27.021 default INFO  main  org.apache.catalina.core.StandardEngine[log:173] - Starting Servlet engine: [Apache Tomcat/9.0.16]
2019-12-29 12:42:27.028 default INFO  main  org.apache.catalina.core.AprLifecycleListener[log:173] - The APR based Apache Tomcat Native library which allows optimal performance in production environments was not found on the java.library.path: [/Users/liuwillow/Library/Java/Extensions:/Library/Java/Extensions:/Network/Library/Java/Extensions:/System/Library/Java/Extensions:/usr/lib/java:.]
2019-12-29 12:42:27.166 default INFO  main  org.apache.catalina.core.ContainerBase.[Tomcat].[localhost].[/][log:173] - Initializing Spring embedded WebApplicationContext
2019-12-29 12:42:27.167 default INFO  main  org.springframework.web.context.ContextLoader[prepareWebApplicationContext:296] - Root WebApplicationContext: initialization completed in 1743 ms
2019-12-29 12:42:27.408 default WARN  main  com.netflix.config.sources.URLConfigurationSource[<init>:121] - No URLs will be polled as dynamic configuration sources.
2019-12-29 12:42:27.408 default INFO  main  com.netflix.config.sources.URLConfigurationSource[<init>:122] - To enable URLs as dynamic configuration sources, define System property archaius.configurationSource.additionalUrls or make config.properties available on classpath.
2019-12-29 12:42:27.424 default INFO  main  com.netflix.config.DynamicPropertyFactory[getInstance:281] - DynamicPropertyFactory is initialized with configuration sources: com.netflix.config.ConcurrentCompositeConfiguration@3caafa67
2019-12-29 12:42:28.086 default INFO  main  com.sun.jersey.server.impl.application.WebApplicationImpl[_initiate:815] - Initiating Jersey application, version 'Jersey: 1.19.1 03/11/2016 02:08 PM'
2019-12-29 12:42:28.216 default INFO  main  com.netflix.discovery.provider.DiscoveryJerseyProvider[<init>:70] - Using JSON encoding codec LegacyJacksonJson
2019-12-29 12:42:28.219 default INFO  main  com.netflix.discovery.provider.DiscoveryJerseyProvider[<init>:71] - Using JSON decoding codec LegacyJacksonJson
2019-12-29 12:42:28.443 default INFO  main  com.netflix.discovery.provider.DiscoveryJerseyProvider[<init>:80] - Using XML encoding codec XStreamXml
2019-12-29 12:42:28.443 default INFO  main  com.netflix.discovery.provider.DiscoveryJerseyProvider[<init>:81] - Using XML decoding codec XStreamXml
2019-12-29 12:42:28.987 default WARN  main  com.netflix.config.sources.URLConfigurationSource[<init>:121] - No URLs will be polled as dynamic configuration sources.
2019-12-29 12:42:28.987 default INFO  main  com.netflix.config.sources.URLConfigurationSource[<init>:122] - To enable URLs as dynamic configuration sources, define System property archaius.configurationSource.additionalUrls or make config.properties available on classpath.
2019-12-29 12:42:29.211 default INFO  main  org.springframework.scheduling.concurrent.ThreadPoolTaskExecutor[initialize:171] - Initializing ExecutorService 'applicationTaskExecutor'
2019-12-29 12:42:29.831 default INFO  main  org.springframework.cloud.netflix.eureka.InstanceInfoFactory[create:72] - Setting initial instance status as: STARTING
2019-12-29 12:42:29.890 default INFO  main  com.netflix.discovery.DiscoveryClient[<init>:349] - Initializing Eureka in region us-east-1
2019-12-29 12:42:29.891 default INFO  main  com.netflix.discovery.DiscoveryClient[<init>:352] - Client configured to neither register nor query for data.
2019-12-29 12:42:29.908 default INFO  main  com.netflix.discovery.DiscoveryClient[<init>:365] - Discovery Client initialized at timestamp 1577594549907 with initial instances count: 0
2019-12-29 12:42:29.982 default INFO  main  com.netflix.eureka.DefaultEurekaServerContext[initialize:63] - Initializing ...
2019-12-29 12:42:29.984 default INFO  main  com.netflix.eureka.cluster.PeerEurekaNodes[updatePeerEurekaNodes:188] - Adding new peer nodes [http://localhost:9100/eureka/]
2019-12-29 12:42:30.244 default INFO  main  com.netflix.discovery.provider.DiscoveryJerseyProvider[<init>:70] - Using JSON encoding codec LegacyJacksonJson
2019-12-29 12:42:30.244 default INFO  main  com.netflix.discovery.provider.DiscoveryJerseyProvider[<init>:71] - Using JSON decoding codec LegacyJacksonJson
2019-12-29 12:42:30.245 default INFO  main  com.netflix.discovery.provider.DiscoveryJerseyProvider[<init>:80] - Using XML encoding codec XStreamXml
2019-12-29 12:42:30.245 default INFO  main  com.netflix.discovery.provider.DiscoveryJerseyProvider[<init>:81] - Using XML decoding codec XStreamXml
2019-12-29 12:42:35.422 default INFO  main  com.netflix.eureka.cluster.PeerEurekaNodes[start:110] - Replica node URL:  http://localhost:9100/eureka/
2019-12-29 12:42:35.430 default INFO  main  com.netflix.eureka.registry.AbstractInstanceRegistry[initRemoteRegionRegistry:151] - Finished initializing remote region registries. All known remote regions: []
2019-12-29 12:42:35.431 default INFO  main  com.netflix.eureka.DefaultEurekaServerContext[initialize:70] - Initialized
2019-12-29 12:42:35.441 default INFO  main  org.springframework.boot.actuate.endpoint.web.EndpointLinksResolver[<init>:59] - Exposing 2 endpoint(s) beneath base path '/actuator'
2019-12-29 12:42:35.517 default INFO  main  org.springframework.cloud.netflix.eureka.serviceregistry.EurekaServiceRegistry[register:41] - Registering application SERVICE-REGISTRATION-CENTER-EUREKA with eureka with status UP
2019-12-29 12:42:35.520 default INFO  Thread-57  org.springframework.cloud.netflix.eureka.server.EurekaServerBootstrap[initEurekaEnvironment:110] - Setting the eureka configuration..
2019-12-29 12:42:35.521 default INFO  Thread-57  org.springframework.cloud.netflix.eureka.server.EurekaServerBootstrap[initEurekaEnvironment:115] - Eureka data center value eureka.datacenter is not set, defaulting to default
2019-12-29 12:42:35.522 default INFO  Thread-57  org.springframework.cloud.netflix.eureka.server.EurekaServerBootstrap[initEurekaEnvironment:129] - Eureka environment value eureka.environment is not set, defaulting to test
2019-12-29 12:42:35.535 default INFO  Thread-57  org.springframework.cloud.netflix.eureka.server.EurekaServerBootstrap[isAws:188] - isAws returned false
2019-12-29 12:42:35.536 default INFO  Thread-57  org.springframework.cloud.netflix.eureka.server.EurekaServerBootstrap[initEurekaServerContext:153] - Initialized server context
2019-12-29 12:42:35.536 default INFO  Thread-57  com.netflix.eureka.registry.PeerAwareInstanceRegistryImpl[openForTraffic:241] - Got 1 instances from neighboring DS node
2019-12-29 12:42:35.536 default INFO  Thread-57  com.netflix.eureka.registry.PeerAwareInstanceRegistryImpl[openForTraffic:242] - Renew threshold is: 1
2019-12-29 12:42:35.536 default INFO  Thread-57  com.netflix.eureka.registry.PeerAwareInstanceRegistryImpl[openForTraffic:253] - Changing status to UP
2019-12-29 12:42:35.543 default INFO  Thread-57  org.springframework.cloud.netflix.eureka.server.EurekaServerInitializerConfiguration[run:74] - Started Eureka Server
2019-12-29 12:42:35.572 default INFO  main  org.springframework.boot.web.embedded.tomcat.TomcatWebServer[start:204] - Tomcat started on port(s): 9100 (http) with context path ''
2019-12-29 12:42:35.573 default INFO  main  org.springframework.cloud.netflix.eureka.serviceregistry.EurekaAutoServiceRegistration[onApplicationEvent:143] - Updating port to 9100
2019-12-29 12:42:35.577 default INFO  main  com.lwl.willowmall.registration.center.EurekaRegistrationCenterApplication[logStarted:59] - Started EurekaRegistrationCenterApplication in 22.277 seconds (JVM running for 29.303)
2019-12-29 12:42:35.846 default INFO  RMI TCP Connection(1)-192.168.3.15  org.apache.catalina.core.ContainerBase.[Tomcat].[localhost].[/][log:173] - Initializing Spring DispatcherServlet 'dispatcherServlet'
2019-12-29 12:42:35.847 default INFO  RMI TCP Connection(1)-192.168.3.15  org.springframework.web.servlet.DispatcherServlet[initServletBean:524] - Initializing Servlet 'dispatcherServlet'
2019-12-29 12:42:35.858 default INFO  RMI TCP Connection(1)-192.168.3.15  org.springframework.web.servlet.DispatcherServlet[initServletBean:546] - Completed initialization in 11 ms
2019-12-29 12:43:05.539 default INFO  Eureka-EvictionTimer  com.netflix.eureka.registry.AbstractInstanceRegistry[run:1250] - Running the evict task with compensationTime 0ms
2019-12-29 12:43:35.542 default INFO  Eureka-EvictionTimer  com.netflix.eureka.registry.AbstractInstanceRegistry[run:1250] - Running the evict task with compensationTime 1ms
2019-12-29 12:44:05.546 default INFO  Eureka-EvictionTimer  com.netflix.eureka.registry.AbstractInstanceRegistry[run:1250] - Running the evict task with compensationTime 2ms
2019-12-29 12:44:35.547 default INFO  Eureka-EvictionTimer  com.netflix.eureka.registry.AbstractInstanceRegistry[run:1250] - Running the evict task with compensationTime 0ms
2019-12-29 12:45:05.552 default INFO  Eureka-EvictionTimer  com.netflix.eureka.registry.AbstractInstanceRegistry[run:1250] - Running the evict task with compensationTime 3ms
2019-12-29 12:45:35.556 default INFO  Eureka-EvictionTimer  com.netflix.eureka.registry.AbstractInstanceRegistry[run:1250] - Running the evict task with compensationTime 3ms
2019-12-29 12:46:05.560 default INFO  Eureka-EvictionTimer  com.netflix.eureka.registry.AbstractInstanceRegistry[run:1250] - Running the evict task with compensationTime 2ms
2019-12-29 12:46:35.561 default INFO  Eureka-EvictionTimer  com.netflix.eureka.registry.AbstractInstanceRegistry[run:1250] - Running the evict task with compensationTime 0ms
2019-12-29 12:47:05.566 default INFO  Eureka-EvictionTimer  com.netflix.eureka.registry.AbstractInstanceRegistry[run:1250] - Running the evict task with compensationTime 3ms
2019-12-29 12:47:35.571 default INFO  Eureka-EvictionTimer  com.netflix.eureka.registry.AbstractInstanceRegistry[run:1250] - Running the evict task with compensationTime 4ms
2019-12-29 12:48:05.576 default INFO  Eureka-EvictionTimer  com.netflix.eureka.registry.AbstractInstanceRegistry[run:1250] - Running the evict task with compensationTime 4ms
2019-12-29 12:48:35.581 default INFO  Eureka-EvictionTimer  com.netflix.eureka.registry.AbstractInstanceRegistry[run:1250] - Running the evict task with compensationTime 4ms
2019-12-29 12:49:05.585 default INFO  Eureka-EvictionTimer  com.netflix.eureka.registry.AbstractInstanceRegistry[run:1250] - Running the evict task with compensationTime 2ms
2019-12-29 12:49:35.590 default INFO  Eureka-EvictionTimer  com.netflix.eureka.registry.AbstractInstanceRegistry[run:1250] - Running the evict task with compensationTime 4ms
2019-12-29 12:50:05.596 default INFO  Eureka-EvictionTimer  com.netflix.eureka.registry.AbstractInstanceRegistry[run:1250] - Running the evict task with compensationTime 5ms
2019-12-29 12:50:35.598 default INFO  Eureka-EvictionTimer  com.netflix.eureka.registry.AbstractInstanceRegistry[run:1250] - Running the evict task with compensationTime 1ms
2019-12-29 12:51:05.605 default INFO  Eureka-EvictionTimer  com.netflix.eureka.registry.AbstractInstanceRegistry[run:1250] - Running the evict task with compensationTime 5ms
2019-12-29 12:51:35.610 default INFO  Eureka-EvictionTimer  com.netflix.eureka.registry.AbstractInstanceRegistry[run:1250] - Running the evict task with compensationTime 4ms
2019-12-29 12:52:05.611 default INFO  Eureka-EvictionTimer  com.netflix.eureka.registry.AbstractInstanceRegistry[run:1250] - Running the evict task with compensationTime 0ms
2019-12-29 12:52:35.614 default INFO  Eureka-EvictionTimer  com.netflix.eureka.registry.AbstractInstanceRegistry[run:1250] - Running the evict task with compensationTime 1ms
2019-12-29 12:52:39.273 default INFO  http-nio-9100-exec-8  com.netflix.eureka.registry.AbstractInstanceRegistry[register:266] - Registered instance SERVICE-GATEWAY/192.168.3.15:9130 with status UP (replication=false)
2019-12-29 12:52:39.881 default INFO  http-nio-9100-exec-9  com.netflix.eureka.registry.AbstractInstanceRegistry[register:266] - Registered instance SERVICE-GATEWAY/192.168.3.15:9130 with status UP (replication=true)
2019-12-29 12:53:05.617 default INFO  Eureka-EvictionTimer  com.netflix.eureka.registry.AbstractInstanceRegistry[run:1250] - Running the evict task with compensationTime 2ms
2019-12-29 12:53:35.623 default INFO  Eureka-EvictionTimer  com.netflix.eureka.registry.AbstractInstanceRegistry[run:1250] - Running the evict task with compensationTime 5ms
2019-12-29 12:54:05.625 default INFO  Eureka-EvictionTimer  com.netflix.eureka.registry.AbstractInstanceRegistry[run:1250] - Running the evict task with compensationTime 1ms
2019-12-29 12:54:35.628 default INFO  Eureka-EvictionTimer  com.netflix.eureka.registry.AbstractInstanceRegistry[run:1250] - Running the evict task with compensationTime 2ms
